The following issues were identified in the failing job. Here are potential solutions for each:

---

### 1. **TypeScript Compilation Errors**
#### Errors:
- `client/src/components/auth/login-form.tsx(72,13): error TS2554: Expected 0 arguments, but got 1.`
- `client/src/components/auth/register-form.tsx(125,13): error TS2554: Expected 0 arguments, but got 1.`

**Fix:**
Check the function or method being called in these files and ensure the correct parameters are being passed. If the function signature was updated to accept no arguments, the call should be updated accordingly.

```tsx
// Example: Adjusting the function call
// Old (incorrect):
someFunction(arg);

// New (correct):
someFunction();
```

---

### 2. **Undefined Variables**
#### Errors:
- `client/src/components/ui/chart.tsx(140,34): error TS18048: 'item' is possibly 'undefined'.`

**Fix:**
Add null or undefined checks before accessing the `item` variable.

```tsx
// Example: Adding undefined check
if (item) {
  // Safe to use `item` here
  processItem(item);
}
```

---

### 3. **Missing Modules**
#### Errors:
- `Cannot find module '../../../../shared/components/molecules/card.js' or its corresponding type declarations.`

**Fix:**
Ensure the modules exist at the specified paths. If they are missing, either restore them or update the imports to point to the correct paths. Additionally, verify that `tsconfig.json` includes the directory in its `include` or `paths` settings.

---

### 4. **Improper Type Definitions**
#### Errors:
- `client/src/hooks/use-api-resource.ts(210,7): error TS2322: Type 'ApiError | null' is not assignable to type 'ApiError | undefined'.`

**Fix:**
Update the type definition to include `null` where necessary or ensure the variable is not assigned a `null` value.

```tsx
// Example: Adjusting type definition
let error: ApiError | null | undefined = null;
```

---

### 5. **Optional Parameters in Functions**
#### Errors:
- `client/src/lib/api-utils.ts(424,5): error TS2769: No overload matches this call.`

**Fix:**
Review the function signature and ensure that optional properties like `onError` are correctly defined or removed if unnecessary.

```tsx
// Example: Removing unknown property
const options = {
  queryKey: 'example',
  // Remove or define `onError` properly
};
```

---

### 6. **Database Permissions**
#### Errors:
- `FATAL: role "root" does not exist`

**Fix:**
Ensure the database is configured with a valid user role. Update the database initialization script or environment variables to use a valid role.

```bash
# Example: Setting a valid POSTGRES_USER
POSTGRES_USER=valid_user
POSTGRES_PASSWORD=valid_password
```

---

### Next Steps
1. Fix the specific issues listed above in their respective files.
2. Run the workflow again to confirm all issues are resolved. If other errors persist, they may require additional investigation.

Let me know if you need help with any specific error or file!